

               Precipitation-Runoff Modeling System (PRMS)
                    Based on Version 4.0.2 08/15/2016


The following PRMS modules are available:

     Process                   Modules
-------------------------------------------------------------------
  Basin Definition: basin
    Cascading Flow: cascade
  Time Series Data: obs
   Potet Solar Rad: soltab
  Temperature Dist: temp_1sta, temp_laps, temp_dist2, climate_hru
       Precip Dist: precip_1sta, precip_laps, precip_dist2,
                    climate_hru
Temp & Precip Dist: xyz_dist, ide_dist
    Solar Rad Dist: ccsolrad, ddsolrad, climate_hru
Transpiration Dist: transp_tindex, climate_hru, transp_frost
      Potential ET: potet_hamon, potet_jh, potet_pan, climate_hru,
                    potet_hs, potet_pt, potet_pm, potet_pm_sta
      Interception: intcp
     Snow Dynamics: snowcomp
    Surface Runoff: srunoff_smidx, srunoff_carea
         Soil Zone: soilzone
       Groundwater: gwflow
Streamflow Routing: strmflow, strmflow_in_out, muskingum
    Output Summary: basin_sum, subbasin, map_results, nhru_summary
     Preprocessing: write_climate_hru, frost_date
-------------------------------------------------------------------


PRMS modules listed in the order in which they are called:

        Process                  Module (source code version)
====================================================================
GSFLOW Computation Order         gsflow_prms.f90          2016-09-12    
Basin Definition                 basin.f90                2016-05-10    
Cascading Flow                   cascade.f90              2016-07-19    
Common States and Fluxes         climateflow.f90          2016-07-22    
Potential Solar Radiation        soltab.f90               2016-15-10    
PRMS Set Time Variables          prms_time.f90            2015-03-31    
Time Series Data                 obs.f90                  2016-04-15    
Temperature Distribution         temp_laps.f90            2016-05-12    
Precipitation Distribution       precip_1sta.f90          2016-05-10    
Solar Radiation Distribution     ddsolrad.f90             2015-09-14    
Transpiration Distribution       transp_tindex.f90        2015-01-06    
Potential Evapotranspiration     potet_jh.f90             2016-05-10    
Canopy Interception              intcp.f90                2016-07-06    
Snow Dynamics                    snowcomp.f90             2016-06-16    
Surface Runoff                   srunoff_smidx.f90        2016-06-16    
Soil Zone Computations           soilzone.f90             2016-07-18    
GSFLOW PRMS to MODFLOW           gsflow_prms2mf.f90       2016-07-19    
GSFLOW MODFLOW to PRMS           gsflow_mf2prms.f90       2016-03-11    
GSFLOW Output Budget Summary     gsflow_budget.f90        2016-06-08    
GSFLOW Output CSV Summary        gsflow_sum.f90           2016-09-02    
Output Summary                   subbasin.f90             2016-03-23    
GSFLOW MODFLOW main              gsflow_modflow.f         2016-09-12    
UZF-NWT Package                  gwf2uzf1_NWT.f           2016-07-21    
SFR-NWT Package                  gwf2sfr7_NWT.f           2016-07-28    
LAK-NWT Package                  gwf2lak7_NWT.f           2016-07-21    


 Surface Water and Energy Budgets Simulated by Version 4.0.2 08/15/2016
 Start time: 1983/09/16 00:00:00
 End time:   1983/09/22 00:00:00
 Sum of HRU areas:   577870.77; Active basin area:   325452.62
 Fraction impervious:   0.0022; Fraction pervious:      0.6180


